C:\USERS\KAVEH\DOCUMENTS\VISUAL STUDIO 2010\PROJECTS\EKF - LEO\DEBUG\EKF.EXE
C:\USERS\KAVEH\DOCUMENTS\VISUAL STUDIO 2010\PROJECTS\EKF - LEO\DEBUG\EKF.ILK
C:\USERS\KAVEH\DOCUMENTS\VISUAL STUDIO 2010\PROJECTS\EKF - LEO\DEBUG\EKF.PDB
C:\USERS\KAVEH\DOCUMENTS\VISUAL STUDIO 2010\PROJECTS\EKF - LEO\EKF\DEBUG\CADENCEACCEL.OBJ
C:\Users\kaveh\Documents\Visual Studio 2010\Projects\EKF - LEO\EKF\Debug\cl.command.1.tlog
C:\Users\kaveh\Documents\Visual Studio 2010\Projects\EKF - LEO\EKF\Debug\CL.read.1.tlog
C:\Users\kaveh\Documents\Visual Studio 2010\Projects\EKF - LEO\EKF\Debug\CL.write.1.tlog
C:\USERS\KAVEH\DOCUMENTS\VISUAL STUDIO 2010\PROJECTS\EKF - LEO\EKF\DEBUG\DETRENDING.OBJ
C:\USERS\KAVEH\DOCUMENTS\VISUAL STUDIO 2010\PROJECTS\EKF - LEO\EKF\DEBUG\EKF.EXE.INTERMEDIATE.MANIFEST
C:\USERS\KAVEH\DOCUMENTS\VISUAL STUDIO 2010\PROJECTS\EKF - LEO\EKF\DEBUG\EKF.OBJ
C:\Users\kaveh\Documents\Visual Studio 2010\Projects\EKF - LEO\EKF\Debug\EKF.vcxprojResolveAssemblyReference.cache
C:\Users\kaveh\Documents\Visual Studio 2010\Projects\EKF - LEO\EKF\Debug\EKF.write.1.tlog
C:\USERS\KAVEH\DOCUMENTS\VISUAL STUDIO 2010\PROJECTS\EKF - LEO\EKF\DEBUG\FATIGUE.OBJ
C:\Users\kaveh\Documents\Visual Studio 2010\Projects\EKF - LEO\EKF\Debug\link.command.1.tlog
C:\Users\kaveh\Documents\Visual Studio 2010\Projects\EKF - LEO\EKF\Debug\link.read.1.tlog
C:\Users\kaveh\Documents\Visual Studio 2010\Projects\EKF - LEO\EKF\Debug\link.write.1.tlog
C:\USERS\KAVEH\DOCUMENTS\VISUAL STUDIO 2010\PROJECTS\EKF - LEO\EKF\DEBUG\MAIN.OBJ
C:\USERS\KAVEH\DOCUMENTS\VISUAL STUDIO 2010\PROJECTS\EKF - LEO\EKF\DEBUG\MATRIXFUNCS.OBJ
C:\USERS\KAVEH\DOCUMENTS\VISUAL STUDIO 2010\PROJECTS\EKF - LEO\EKF\DEBUG\MOVING_AVERAGE_HIGH_PASS.OBJ
C:\Users\kaveh\Documents\Visual Studio 2010\Projects\EKF - LEO\EKF\Debug\mt.command.1.tlog
C:\Users\kaveh\Documents\Visual Studio 2010\Projects\EKF - LEO\EKF\Debug\mt.read.1.tlog
C:\Users\kaveh\Documents\Visual Studio 2010\Projects\EKF - LEO\EKF\Debug\mt.write.1.tlog
C:\USERS\KAVEH\DOCUMENTS\VISUAL STUDIO 2010\PROJECTS\EKF - LEO\EKF\DEBUG\MVC.OBJ
C:\USERS\KAVEH\DOCUMENTS\VISUAL STUDIO 2010\PROJECTS\EKF - LEO\EKF\DEBUG\PREPROCESSING.OBJ
C:\USERS\KAVEH\DOCUMENTS\VISUAL STUDIO 2010\PROJECTS\EKF - LEO\EKF\DEBUG\READ_FILE.OBJ
C:\USERS\KAVEH\DOCUMENTS\VISUAL STUDIO 2010\PROJECTS\EKF - LEO\EKF\DEBUG\RMS_F32.OBJ
C:\USERS\KAVEH\DOCUMENTS\VISUAL STUDIO 2010\PROJECTS\EKF - LEO\EKF\DEBUG\RUN_ALGORITHMS.OBJ
C:\USERS\KAVEH\DOCUMENTS\VISUAL STUDIO 2010\PROJECTS\EKF - LEO\EKF\DEBUG\SEGMENTANALYSIS.OBJ
C:\USERS\KAVEH\DOCUMENTS\VISUAL STUDIO 2010\PROJECTS\EKF - LEO\EKF\DEBUG\SEGMENTATION.OBJ
C:\USERS\KAVEH\DOCUMENTS\VISUAL STUDIO 2010\PROJECTS\EKF - LEO\EKF\DEBUG\SPINSCAN.OBJ
C:\Users\kaveh\Documents\Visual Studio 2010\Projects\EKF - LEO\EKF\Debug\vc100.idb
C:\USERS\KAVEH\DOCUMENTS\VISUAL STUDIO 2010\PROJECTS\EKF - LEO\EKF\DEBUG\VC100.PDB
