Build started 2015-10-19 4:28:39 PM.
     1>Project "C:\Users\kaveh\Documents\Visual Studio 2010\Projects\EKF - LEO\EKF\EKF.vcxproj" on node 2 (build target(s)).
     1>InitializeBuildStatus:
         Creating "Debug\EKF.unsuccessfulbuild" because "AlwaysCreate" was specified.
       ClCompile:
         c:\Program Files (x86)\Microsoft Visual Studio 10.0\VC\bin\CL.exe /c /ZI /nologo /W3 /WX- /Od /Oy- /D _MBCS /Gm /EHsc /RTC1 /MDd /GS /fp:precise /Zc:wchar_t /Zc:forScope /Fo"Debug\\" /Fd"Debug\vc100.pdb" /Gd /TP /analyze- /errorReport:prompt SpinScanGyroAlligned.cpp
         SpinScanGyroAlligned.cpp
     1>c:\users\kaveh\documents\visual studio 2010\projects\ekf - leo\ekf\spinscangyroalligned.cpp(86): warning C4244: '=' : conversion from 'int32_t' to 'float', possible loss of data
     1>c:\users\kaveh\documents\visual studio 2010\projects\ekf - leo\ekf\spinscangyroalligned.cpp(87): warning C4244: '=' : conversion from 'float' to 'int', possible loss of data
     1>c:\users\kaveh\documents\visual studio 2010\projects\ekf - leo\ekf\spinscangyroalligned.cpp(100): warning C4244: '+=' : conversion from 'double' to 'float', possible loss of data
     1>c:\users\kaveh\documents\visual studio 2010\projects\ekf - leo\ekf\spinscangyroalligned.cpp(101): warning C4244: '+=' : conversion from 'double' to 'float', possible loss of data
     1>c:\users\kaveh\documents\visual studio 2010\projects\ekf - leo\ekf\spinscangyroalligned.cpp(102): warning C4244: '+=' : conversion from 'double' to 'float', possible loss of data
     1>c:\users\kaveh\documents\visual studio 2010\projects\ekf - leo\ekf\spinscangyroalligned.cpp(114): warning C4244: '=' : conversion from 'int' to 'float', possible loss of data
     1>c:\users\kaveh\documents\visual studio 2010\projects\ekf - leo\ekf\spinscangyroalligned.cpp(115): warning C4244: '=' : conversion from 'int' to 'float', possible loss of data
     1>c:\users\kaveh\documents\visual studio 2010\projects\ekf - leo\ekf\spinscangyroalligned.cpp(119): warning C4244: '=' : conversion from 'int' to 'float', possible loss of data
     1>c:\users\kaveh\documents\visual studio 2010\projects\ekf - leo\ekf\spinscangyroalligned.cpp(121): warning C4244: '=' : conversion from 'int' to 'float', possible loss of data
     1>c:\users\kaveh\documents\visual studio 2010\projects\ekf - leo\ekf\spinscangyroalligned.cpp(279): warning C4244: '=' : conversion from 'float' to 'int', possible loss of data
     1>c:\users\kaveh\documents\visual studio 2010\projects\ekf - leo\ekf\spinscangyroalligned.cpp(285): warning C4244: '=' : conversion from 'int' to 'float', possible loss of data
     1>c:\users\kaveh\documents\visual studio 2010\projects\ekf - leo\ekf\spinscangyroalligned.cpp(308): warning C4244: '=' : conversion from 'float' to 'int', possible loss of data
     1>c:\users\kaveh\documents\visual studio 2010\projects\ekf - leo\ekf\spinscangyroalligned.cpp(315): warning C4244: '=' : conversion from 'int' to 'float', possible loss of data
     1>c:\users\kaveh\documents\visual studio 2010\projects\ekf - leo\ekf\spinscangyroalligned.cpp(343): warning C4244: '=' : conversion from 'float' to 'int', possible loss of data
     1>c:\users\kaveh\documents\visual studio 2010\projects\ekf - leo\ekf\spinscangyroalligned.cpp(349): warning C4244: '=' : conversion from 'int' to 'float', possible loss of data
     1>c:\users\kaveh\documents\visual studio 2010\projects\ekf - leo\ekf\spinscangyroalligned.cpp(372): warning C4244: '=' : conversion from 'float' to 'int', possible loss of data
     1>c:\users\kaveh\documents\visual studio 2010\projects\ekf - leo\ekf\spinscangyroalligned.cpp(378): warning C4244: '=' : conversion from 'int' to 'float', possible loss of data
     1>c:\users\kaveh\documents\visual studio 2010\projects\ekf - leo\ekf\spinscangyroalligned.cpp(62): warning C4101: 'g' : unreferenced local variable
       Link:
         c:\Program Files (x86)\Microsoft Visual Studio 10.0\VC\bin\link.exe /ERRORREPORT:PROMPT /OUT:"C:\Users\kaveh\Documents\Visual Studio 2010\Projects\EKF - LEO\Debug\EKF.exe" /NOLOGO kernel32.lib user32.lib gdi32.lib winspool.lib comdlg32.lib advapi32.lib shell32.lib ole32.lib oleaut32.lib uuid.lib odbc32.lib odbccp32.lib /MANIFEST /ManifestFile:"Debug\EKF.exe.intermediate.manifest" /MANIFESTUAC:"level='asInvoker' uiAccess='false'" /DEBUG /PDB:"C:\Users\kaveh\Documents\Visual Studio 2010\Projects\EKF - LEO\Debug\EKF.pdb" /SUBSYSTEM:CONSOLE /TLBID:1 /DYNAMICBASE /NXCOMPAT /IMPLIB:"C:\Users\kaveh\Documents\Visual Studio 2010\Projects\EKF - LEO\Debug\EKF.lib" /MACHINE:X86 Debug\cadenceAccel.obj
         Debug\cadenceGyro.obj
         Debug\Detrending.obj
         Debug\Eigen.obj
         Debug\EKF.obj
         Debug\fatigue.obj
         Debug\fatigue2.obj
         Debug\HammingSmooth.obj
         Debug\main.obj
         Debug\MatrixFuncs.obj
         Debug\Moving_Average_High_Pass.obj
         Debug\MVC.obj
         Debug\PostProcessing.obj
         Debug\PreProcessing.obj
         Debug\read_file.obj
         Debug\RMS_f32.obj
         Debug\run_algorithms.obj
         Debug\segmentanalysis.obj
         Debug\Segmentation.obj
         Debug\SpinScan.obj
         Debug\SpinScanGyro.obj
         Debug\SpinScanGyroAlligned.obj
         LINK : C:\Users\kaveh\Documents\Visual Studio 2010\Projects\EKF - LEO\Debug\EKF.exe not found or not built by the last incremental link; performing full link
         EKF.vcxproj -> C:\Users\kaveh\Documents\Visual Studio 2010\Projects\EKF - LEO\Debug\EKF.exe
       Manifest:
         C:\Program Files (x86)\Microsoft SDKs\Windows\v7.0A\bin\mt.exe /nologo /verbose /outputresource:"C:\Users\kaveh\Documents\Visual Studio 2010\Projects\EKF - LEO\Debug\EKF.exe;#1" /manifest Debug\EKF.exe.intermediate.manifest
       FinalizeBuildStatus:
         Deleting file "Debug\EKF.unsuccessfulbuild".
         Touching "Debug\EKF.lastbuildstate".
     1>Done Building Project "C:\Users\kaveh\Documents\Visual Studio 2010\Projects\EKF - LEO\EKF\EKF.vcxproj" (build target(s)).

Build succeeded.

Time Elapsed 00:00:02.26
