Build started 2015-10-21 10:55:16 AM.
     1>Project "C:\Users\kaveh\Documents\Visual Studio 2010\Projects\EKF - LEO\EKF\EKF.vcxproj" on node 2 (build target(s)).
     1>InitializeBuildStatus:
         Creating "Debug\EKF.unsuccessfulbuild" because "AlwaysCreate" was specified.
       ClCompile:
         c:\Program Files (x86)\Microsoft Visual Studio 10.0\VC\bin\CL.exe /c /ZI /nologo /W3 /WX- /Od /Oy- /D _MBCS /Gm /EHsc /RTC1 /MDd /GS /fp:precise /Zc:wchar_t /Zc:forScope /Fo"Debug\\" /Fd"Debug\vc100.pdb" /Gd /TP /analyze- /errorReport:prompt SpinScanGyro.cpp
         SpinScanGyro.cpp
     1>c:\users\kaveh\documents\visual studio 2010\projects\ekf - leo\ekf\spinscangyro.cpp(78): warning C4244: '=' : conversion from 'int32_t' to 'float', possible loss of data
     1>c:\users\kaveh\documents\visual studio 2010\projects\ekf - leo\ekf\spinscangyro.cpp(79): warning C4244: '=' : conversion from 'float' to 'int', possible loss of data
     1>c:\users\kaveh\documents\visual studio 2010\projects\ekf - leo\ekf\spinscangyro.cpp(94): warning C4244: '=' : conversion from 'int' to 'float', possible loss of data
     1>c:\users\kaveh\documents\visual studio 2010\projects\ekf - leo\ekf\spinscangyro.cpp(95): warning C4244: '=' : conversion from 'int' to 'float', possible loss of data
     1>c:\users\kaveh\documents\visual studio 2010\projects\ekf - leo\ekf\spinscangyro.cpp(99): warning C4244: '=' : conversion from 'int' to 'float', possible loss of data
     1>c:\users\kaveh\documents\visual studio 2010\projects\ekf - leo\ekf\spinscangyro.cpp(101): warning C4244: '=' : conversion from 'int' to 'float', possible loss of data
     1>c:\users\kaveh\documents\visual studio 2010\projects\ekf - leo\ekf\spinscangyro.cpp(113): warning C4244: '=' : conversion from 'float' to 'int', possible loss of data
     1>c:\users\kaveh\documents\visual studio 2010\projects\ekf - leo\ekf\spinscangyro.cpp(115): warning C4244: '=' : conversion from 'float' to 'int', possible loss of data
     1>c:\users\kaveh\documents\visual studio 2010\projects\ekf - leo\ekf\spinscangyro.cpp(120): warning C4244: '=' : conversion from 'float' to 'int', possible loss of data
     1>c:\users\kaveh\documents\visual studio 2010\projects\ekf - leo\ekf\spinscangyro.cpp(122): warning C4244: '=' : conversion from 'float' to 'int', possible loss of data
     1>c:\users\kaveh\documents\visual studio 2010\projects\ekf - leo\ekf\spinscangyro.cpp(128): warning C4244: '=' : conversion from 'float' to 'int', possible loss of data
     1>c:\users\kaveh\documents\visual studio 2010\projects\ekf - leo\ekf\spinscangyro.cpp(130): warning C4244: '=' : conversion from 'float' to 'int', possible loss of data
     1>c:\users\kaveh\documents\visual studio 2010\projects\ekf - leo\ekf\spinscangyro.cpp(135): warning C4244: '=' : conversion from 'float' to 'int', possible loss of data
     1>c:\users\kaveh\documents\visual studio 2010\projects\ekf - leo\ekf\spinscangyro.cpp(137): warning C4244: '=' : conversion from 'float' to 'int', possible loss of data
     1>c:\users\kaveh\documents\visual studio 2010\projects\ekf - leo\ekf\spinscangyro.cpp(199): warning C4244: '=' : conversion from 'float' to 'int', possible loss of data
     1>c:\users\kaveh\documents\visual studio 2010\projects\ekf - leo\ekf\spinscangyro.cpp(205): warning C4244: '=' : conversion from 'int' to 'float', possible loss of data
     1>c:\users\kaveh\documents\visual studio 2010\projects\ekf - leo\ekf\spinscangyro.cpp(230): warning C4244: '=' : conversion from 'float' to 'int', possible loss of data
     1>c:\users\kaveh\documents\visual studio 2010\projects\ekf - leo\ekf\spinscangyro.cpp(237): warning C4244: '=' : conversion from 'int' to 'float', possible loss of data
     1>c:\users\kaveh\documents\visual studio 2010\projects\ekf - leo\ekf\spinscangyro.cpp(267): warning C4244: '=' : conversion from 'float' to 'int', possible loss of data
     1>c:\users\kaveh\documents\visual studio 2010\projects\ekf - leo\ekf\spinscangyro.cpp(273): warning C4244: '=' : conversion from 'int' to 'float', possible loss of data
     1>c:\users\kaveh\documents\visual studio 2010\projects\ekf - leo\ekf\spinscangyro.cpp(298): warning C4244: '=' : conversion from 'float' to 'int', possible loss of data
     1>c:\users\kaveh\documents\visual studio 2010\projects\ekf - leo\ekf\spinscangyro.cpp(304): warning C4244: '=' : conversion from 'int' to 'float', possible loss of data
     1>c:\users\kaveh\documents\visual studio 2010\projects\ekf - leo\ekf\spinscangyro.cpp(329): warning C4244: '+=' : conversion from 'double' to 'float', possible loss of data
     1>c:\users\kaveh\documents\visual studio 2010\projects\ekf - leo\ekf\spinscangyro.cpp(336): warning C4244: '+=' : conversion from 'float' to 'int', possible loss of data
     1>c:\users\kaveh\documents\visual studio 2010\projects\ekf - leo\ekf\spinscangyro.cpp(351): warning C4244: '=' : conversion from 'float' to 'int', possible loss of data
     1>c:\users\kaveh\documents\visual studio 2010\projects\ekf - leo\ekf\spinscangyro.cpp(353): warning C4244: '=' : conversion from 'float' to 'int', possible loss of data
     1>c:\users\kaveh\documents\visual studio 2010\projects\ekf - leo\ekf\spinscangyro.cpp(358): warning C4244: '=' : conversion from 'float' to 'int', possible loss of data
     1>c:\users\kaveh\documents\visual studio 2010\projects\ekf - leo\ekf\spinscangyro.cpp(360): warning C4244: '=' : conversion from 'float' to 'int', possible loss of data
     1>c:\users\kaveh\documents\visual studio 2010\projects\ekf - leo\ekf\spinscangyro.cpp(366): warning C4244: '=' : conversion from 'float' to 'int', possible loss of data
     1>c:\users\kaveh\documents\visual studio 2010\projects\ekf - leo\ekf\spinscangyro.cpp(368): warning C4244: '=' : conversion from 'float' to 'int', possible loss of data
     1>c:\users\kaveh\documents\visual studio 2010\projects\ekf - leo\ekf\spinscangyro.cpp(373): warning C4244: '=' : conversion from 'float' to 'int', possible loss of data
     1>c:\users\kaveh\documents\visual studio 2010\projects\ekf - leo\ekf\spinscangyro.cpp(375): warning C4244: '=' : conversion from 'float' to 'int', possible loss of data
       Link:
         c:\Program Files (x86)\Microsoft Visual Studio 10.0\VC\bin\link.exe /ERRORREPORT:PROMPT /OUT:"C:\Users\kaveh\Documents\Visual Studio 2010\Projects\EKF - LEO\Debug\EKF.exe" /NOLOGO kernel32.lib user32.lib gdi32.lib winspool.lib comdlg32.lib advapi32.lib shell32.lib ole32.lib oleaut32.lib uuid.lib odbc32.lib odbccp32.lib /MANIFEST /ManifestFile:"Debug\EKF.exe.intermediate.manifest" /MANIFESTUAC:"level='asInvoker' uiAccess='false'" /DEBUG /PDB:"C:\Users\kaveh\Documents\Visual Studio 2010\Projects\EKF - LEO\Debug\EKF.pdb" /SUBSYSTEM:CONSOLE /TLBID:1 /DYNAMICBASE /NXCOMPAT /IMPLIB:"C:\Users\kaveh\Documents\Visual Studio 2010\Projects\EKF - LEO\Debug\EKF.lib" /MACHINE:X86 Debug\cadenceAccel.obj
         Debug\cadenceGyro.obj
         Debug\Detrending.obj
         Debug\EKF.obj
         Debug\fatigue.obj
         Debug\fatigue2.obj
         Debug\HammingSmooth.obj
         Debug\main.obj
         Debug\MatrixFuncs.obj
         Debug\Moving_Average_High_Pass.obj
         Debug\MVC.obj
         Debug\PostProcessing.obj
         Debug\PreProcessing.obj
         Debug\read_file.obj
         Debug\RMS_f32.obj
         Debug\run_algorithms.obj
         Debug\segmentanalysis.obj
         Debug\Segmentation.obj
         Debug\SpinScan.obj
         Debug\SpinScanGyro.obj
         LINK : C:\Users\kaveh\Documents\Visual Studio 2010\Projects\EKF - LEO\Debug\EKF.exe not found or not built by the last incremental link; performing full link
         EKF.vcxproj -> C:\Users\kaveh\Documents\Visual Studio 2010\Projects\EKF - LEO\Debug\EKF.exe
       Manifest:
         C:\Program Files (x86)\Microsoft SDKs\Windows\v7.0A\bin\mt.exe /nologo /verbose /outputresource:"C:\Users\kaveh\Documents\Visual Studio 2010\Projects\EKF - LEO\Debug\EKF.exe;#1" /manifest Debug\EKF.exe.intermediate.manifest
       FinalizeBuildStatus:
         Deleting file "Debug\EKF.unsuccessfulbuild".
         Touching "Debug\EKF.lastbuildstate".
     1>Done Building Project "C:\Users\kaveh\Documents\Visual Studio 2010\Projects\EKF - LEO\EKF\EKF.vcxproj" (build target(s)).

Build succeeded.

Time Elapsed 00:00:00.72
